<?xml version="1.0" encoding="UTF-8"?>
<testsuite name="simulation.AnimalTest" tests="1" skipped="0" failures="0" errors="0" timestamp="2021-12-28T16:33:50" hostname="pc" time="0.011">
  <properties/>
  <testcase name="animalMovementTest()" classname="simulation.AnimalTest" time="0.011"/>
  <system-out><![CDATA[]]></system-out>
  <system-err><![CDATA[]]></system-err>
</testsuite>
